14:16:51 GET: /api/books user-agent: PostmanRuntime/7.26.8
14:16:57 GET: /api/books/160889473331335695790067ed7986 user-agent: PostmanRuntime/7.26.8
14:17:5 GET: /public user-agent: PostmanRuntime/7.26.8
14:17:21 GET: /files user-agent: PostmanRuntime/7.26.8
14:17:21 GET: /files/ user-agent: PostmanRuntime/7.26.8
14:17:52 GET: /api/books/ user-agent: PostmanRuntime/7.26.8
14:18:8 POST: /api/books/160889473331335695790067ed7986/download user-agent: PostmanRuntime/7.26.8
14:21:37 POST: /api/books/160889473331335695790067ed7986/download user-agent: PostmanRuntime/7.26.8
14:23:3 POST: /api/books/160889473331335695790067ed7986/download user-agent: PostmanRuntime/7.26.8
14:24:7 POST: /api/books/160889473331335695790067ed7986/download user-agent: PostmanRuntime/7.26.8
14:28:31 POST: /api/books/160889473331335695790067ed7986/download user-agent: PostmanRuntime/7.26.8
14:40:2 POST: /api/books/160889473331335695790067ed7986/upload user-agent: PostmanRuntime/7.26.8
14:40:17 GET: /api/books/160889473331335695790067ed7986 user-agent: PostmanRuntime/7.26.8
14:40:26 GET: /api/books/160889473331335695790067ed7986 user-agent: PostmanRuntime/7.26.8
14:40:39 POST: /api/books/160889473331335695790067ed7986/upload user-agent: PostmanRuntime/7.26.8
14:40:55 POST: /api/books/160889473331335695790067ed7986/upload user-agent: PostmanRuntime/7.26.8
14:41:29 POST: /api/books/160889473331335695790067ed7986/upload user-agent: PostmanRuntime/7.26.8
14:41:41 POST: /api/books/160889473331335695790067ed7986/upload user-agent: PostmanRuntime/7.26.8
14:42:16 POST: /api/books/160889473331335695790067ed7986/upload user-agent: PostmanRuntime/7.26.8
12:13:56 GET: /api/book/ user-agent: PostmanRuntime/7.26.10
12:14:10 GET: /api/books/ user-agent: PostmanRuntime/7.26.10
12:14:29 GET: /api/books/1611479203479832230600319df1ed user-agent: PostmanRuntime/7.26.10
12:23:1 POST: /api/books/?title=qweqwe&description=fvddvdv&fileBook user-agent: PostmanRuntime/7.26.10
12:25:20 GET: /api/books/ user-agent: PostmanRuntime/7.26.10
12:26:8 GET: /api/books/ user-agent: PostmanRuntime/7.26.10
12:27:7 GET: /api/books/ user-agent: PostmanRuntime/7.26.10
12:27:44 POST: /api/books/ user-agent: PostmanRuntime/7.26.10
12:32:48 POST: /api/books/ user-agent: PostmanRuntime/7.26.10
12:33:2 GET: /api/books/ user-agent: PostmanRuntime/7.26.10
12:33:30 POST: /api/books/ user-agent: PostmanRuntime/7.26.10
12:41:55 GET: /api/books/ user-agent: PostmanRuntime/7.26.10
12:42:14 POST: /api/books/ user-agent: PostmanRuntime/7.26.10
12:44:21 POST: /api/books/ user-agent: PostmanRuntime/7.26.10
12:44:32 GET: /api/books/ user-agent: PostmanRuntime/7.26.10
12:45:32 POST: /api/books/ user-agent: PostmanRuntime/7.26.10
12:45:45 POST: /api/books/ user-agent: PostmanRuntime/7.26.10
12:46:21 POST: /api/books/ user-agent: PostmanRuntime/7.26.10
12:46:37 POST: /api/books/ user-agent: PostmanRuntime/7.26.10
12:49:22 POST: /api/books/ user-agent: PostmanRuntime/7.26.10
12:51:49 POST: /api/books/ user-agent: PostmanRuntime/7.26.10
12:52:19 POST: /api/books/ user-agent: PostmanRuntime/7.26.10
12:52:39 POST: /api/books/ user-agent: PostmanRuntime/7.26.10
12:53:53 POST: /api/books/ user-agent: PostmanRuntime/7.26.10
12:56:0 POST: /api/books/ user-agent: PostmanRuntime/7.26.10
12:56:52 POST: /api/books/ user-agent: PostmanRuntime/7.26.10
12:57:5 POST: /api/books/ user-agent: PostmanRuntime/7.26.10
12:58:28 POST: /api/books/ user-agent: PostmanRuntime/7.26.10
12:58:45 POST: /api/books/ user-agent: PostmanRuntime/7.26.10
12:59:5 POST: /api/books/ user-agent: PostmanRuntime/7.26.10
12:59:10 POST: /api/books/ user-agent: PostmanRuntime/7.26.10
12:59:38 POST: /api/books/ user-agent: PostmanRuntime/7.26.10
13:0:44 POST: /api/books/ user-agent: PostmanRuntime/7.26.10
13:1:10 POST: /api/books/ user-agent: PostmanRuntime/7.26.10
13:1:25 POST: /api/books/ user-agent: PostmanRuntime/7.26.10
13:1:40 POST: /api/books/ user-agent: PostmanRuntime/7.26.10
13:2:55 POST: /api/books/ user-agent: PostmanRuntime/7.26.10
13:3:2 POST: /api/books/ user-agent: PostmanRuntime/7.26.10
13:4:17 POST: /api/books/ user-agent: PostmanRuntime/7.26.10
13:4:52 POST: /api/books/ user-agent: PostmanRuntime/7.26.10
13:7:18 POST: /api/books/ user-agent: PostmanRuntime/7.26.10
13:7:34 POST: /api/books/ user-agent: PostmanRuntime/7.26.10
13:8:20 POST: /api/books/ user-agent: PostmanRuntime/7.26.10
13:9:10 POST: /api/books/ user-agent: PostmanRuntime/7.26.10
13:9:30 POST: /api/books/ user-agent: PostmanRuntime/7.26.10
13:9:49 POST: /api/books/ user-agent: PostmanRuntime/7.26.10
13:10:22 POST: /api/books/ user-agent: PostmanRuntime/7.26.10
13:10:41 POST: /api/books/ user-agent: PostmanRuntime/7.26.10
13:13:51 POST: /api/books/ user-agent: PostmanRuntime/7.26.10
